<component name="libraryTable">
  <library name="junit-jupiter-api-5.11.0">
    <CLASSES>
      <root url="jar://$PROJECT_DIR$/../junit-jupiter-api-5.11.0.jar!/" />
    </CLASSES>
    <JAVADOC />
    <SOURCES />
  </library>
</component>